<?xml version="1.0" encoding="UTF-8" ?>
<testsuite errors="0" failures="0" hostname="ubuntu" name="ProfileDbTester" tests="6" time="0.076" timestamp="2012-02-23T04:38:14">
  <properties>
[...]
</properties>
  <testcase classname="ProfileDbTester" name="testAddProfile" time="0.032" />
  <testcase classname="ProfileDbTester" name="testAddProfile2" time="0.002" />
  <testcase classname="ProfileDbTester" name="testGetName" time="0.001" />
  <testcase classname="ProfileDbTester" name="testGetName2" time="0.001" />
  <testcase classname="ProfileDbTester" name="testGetPantry" time="0.001" />
  <testcase classname="ProfileDbTester" name="testGetPantry2" time="0.0" />
  <system-out><![CDATA[]]></system-out>
  <system-err><![CDATA[]]></system-err>
</testsuite>
