<?xml version="1.0" encoding="UTF-8" ?>
<testsuite errors="0" failures="0" hostname="dot.cs.ucsb.edu" name="ProfileDbTester" tests="6" time="0.096" timestamp="2012-02-23T00:30:38">
  <properties>
[...]
</properties>
  <testcase classname="ProfileDbTester" name="testAddProfile" time="0.033" />
  <testcase classname="ProfileDbTester" name="testAddProfile2" time="0.014" />
  <testcase classname="ProfileDbTester" name="testGetName" time="0.004" />
  <testcase classname="ProfileDbTester" name="testGetName2" time="0.006" />
  <testcase classname="ProfileDbTester" name="testGetPantry" time="0.004" />
  <testcase classname="ProfileDbTester" name="testGetPantry2" time="0.004" />
  <system-out><![CDATA[]]></system-out>
  <system-err><![CDATA[]]></system-err>
</testsuite>
