<?xml version="1.0" encoding="UTF-8" ?>
<testsuites>
  <testsuite errors="0" failures="1" hostname="ubuntu" id="0" name="IngredientDbTester" package="" tests="9" time="0.127" timestamp="2012-02-23T04:38:14">
      <properties>
[...]
</properties>

      <testcase classname="IngredientDbTester" name="testAdd1" time="0.035" />

      <testcase classname="IngredientDbTester" name="testAdd2" time="0.001" />

      <testcase classname="IngredientDbTester" name="testAdd3" time="0.0" />

      <testcase classname="IngredientDbTester" name="testAdd4" time="0.002" />

      <testcase classname="IngredientDbTester" name="testSetQuantity1" time="0.017" />

      <testcase classname="IngredientDbTester" name="testSetQuantity2" time="0.018" />

      <testcase classname="IngredientDbTester" name="testGetId1" time="0.001" />

      <testcase classname="IngredientDbTester" name="testGetId2" time="0.001" />

      <testcase classname="IngredientDbTester" name="testprintAll" time="0.004">
          <failure message="expected:&lt;[1 bacon 54 54.0 1&#xa;1 potatoes 20 20.0 1]&#xa;&gt; but was:&lt;[bacon -42 -42.0 3.0 lbs&#xa;bananna -42 54.0 -42.0 &#xa;pork 54 -42.0 32.0 cups&#xa;beer 54 54.0 1.0 liter]&#xa;&gt;" type="junit.framework.ComparisonFailure">junit.framework.ComparisonFailure: expected:&lt;[1 bacon 54 54.0 1
1 potatoes 20 20.0 1]
&gt; but was:&lt;[bacon -42 -42.0 3.0 lbs
bananna -42 54.0 -42.0 
pork 54 -42.0 32.0 cups
beer 54 54.0 1.0 liter]
&gt;
	at IngredientDbTester.testprintAll(Unknown Source)
</failure>

      </testcase>

      <system-out />

      <system-err />

  </testsuite>
  <testsuite errors="0" failures="0" hostname="ubuntu" id="1" name="ProfileDbTester" package="" tests="6" time="0.076" timestamp="2012-02-23T04:38:14">
      <properties>
[...]
</properties>

      <testcase classname="ProfileDbTester" name="testAddProfile" time="0.032" />

      <testcase classname="ProfileDbTester" name="testAddProfile2" time="0.002" />

      <testcase classname="ProfileDbTester" name="testGetName" time="0.001" />

      <testcase classname="ProfileDbTester" name="testGetName2" time="0.001" />

      <testcase classname="ProfileDbTester" name="testGetPantry" time="0.001" />

      <testcase classname="ProfileDbTester" name="testGetPantry2" time="0.0" />

      <system-out />

      <system-err />

  </testsuite>
  <testsuite errors="0" failures="1" hostname="ubuntu" id="2" name="RecipeBookDbTester" package="" tests="4" time="0.077" timestamp="2012-02-23T04:38:15">
      <properties>
[...]
</properties>

      <testcase classname="RecipeBookDbTester" name="testAdd1" time="0.032" />

      <testcase classname="RecipeBookDbTester" name="testAdd2" time="0.005">
          <failure message="expected:&lt;brown bacon[ ]&gt; but was:&lt;brown bacon[]&gt;" type="junit.framework.ComparisonFailure">junit.framework.ComparisonFailure: expected:&lt;brown bacon[ ]&gt; but was:&lt;brown bacon[]&gt;
	at RecipeBookDbTester.testAdd2(Unknown Source)
</failure>

      </testcase>

      <testcase classname="RecipeBookDbTester" name="testSetQuantity1" time="0.0" />

      <testcase classname="RecipeBookDbTester" name="testprintAll" time="0.002" />

      <system-out />

      <system-err />

  </testsuite>
  <testsuite errors="0" failures="1" hostname="ubuntu" id="3" name="RecipeToIngredientDbTester" package="" tests="1" time="0.09" timestamp="2012-02-23T04:38:15">
      <properties>
[...]
</properties>

      <testcase classname="RecipeToIngredientDbTester" name="testAdd1" time="0.059">
          <failure message="expected:&lt;-42.0&gt; but was:&lt;1&gt;" type="junit.framework.AssertionFailedError">junit.framework.AssertionFailedError: expected:&lt;-42.0&gt; but was:&lt;1&gt;
	at RecipeToIngredientDbTester.testAdd1(Unknown Source)
</failure>

      </testcase>

      <system-out><![CDATA[1
]]></system-out>

      <system-err />

  </testsuite>
</testsuites>
