<?xml version="1.0" encoding="UTF-8" ?>
<testsuites>
  <testsuite errors="0" failures="1" hostname="bart.cs.ucsb.edu" id="0" name="IngredientDbTester" package="" tests="7" time="0.259" timestamp="2012-02-21T20:03:31">
      <properties>
[...]
</properties>

      <testcase classname="IngredientDbTester" name="testAdd1" time="0.061" />

      <testcase classname="IngredientDbTester" name="testAdd2" time="0.007" />

      <testcase classname="IngredientDbTester" name="testAdd3" time="0.007" />

      <testcase classname="IngredientDbTester" name="testAdd4" time="0.011" />

      <testcase classname="IngredientDbTester" name="testSetQuantity1" time="0.02" />

      <testcase classname="IngredientDbTester" name="testSetQuantity2" time="0.02" />

      <testcase classname="IngredientDbTester" name="testprintAll" time="0.012">
          <failure message="expected:&lt;[1 bacon 54 54.0 1&#xa;1 potatoes 20 20.0 1]&#xa;&gt; but was:&lt;[bananna -42 54.0 -42.0 &#xa;bacon -42 -42.0 3.0 lbs&#xa;pork 54 -42.0 32.0 cups&#xa;beer 54 54.0 1.0 liter]&#xa;&gt;" type="junit.framework.ComparisonFailure">junit.framework.ComparisonFailure: expected:&lt;[1 bacon 54 54.0 1
1 potatoes 20 20.0 1]
&gt; but was:&lt;[bananna -42 54.0 -42.0 
bacon -42 -42.0 3.0 lbs
pork 54 -42.0 32.0 cups
beer 54 54.0 1.0 liter]
&gt;
	at IngredientDbTester.testprintAll(Unknown Source)
</failure>

      </testcase>

      <system-out />

      <system-err />

  </testsuite>
  <testsuite errors="0" failures="1" hostname="bart.cs.ucsb.edu" id="1" name="RecipeBookDbTester" package="" tests="4" time="0.096" timestamp="2012-02-21T20:03:32">
      <properties>
[...]
</properties>

      <testcase classname="RecipeBookDbTester" name="testAdd1" time="0.035" />

      <testcase classname="RecipeBookDbTester" name="testAdd2" time="0.013">
          <failure message="expected:&lt;brown bacon[ ]&gt; but was:&lt;brown bacon[]&gt;" type="junit.framework.ComparisonFailure">junit.framework.ComparisonFailure: expected:&lt;brown bacon[ ]&gt; but was:&lt;brown bacon[]&gt;
	at RecipeBookDbTester.testAdd2(Unknown Source)
</failure>

      </testcase>

      <testcase classname="RecipeBookDbTester" name="testSetQuantity1" time="0.006" />

      <testcase classname="RecipeBookDbTester" name="testprintAll" time="0.009" />

      <system-out />

      <system-err />

  </testsuite>
</testsuites>
